# JRE version: OpenJDK Runtime Environment JBR-11.0.15.10-2043.56-jcef (11.0.15+10) (build 11.0.15+10-b2043.56)
# Java VM: OpenJDK 64-Bit Server VM JBR-11.0.15.10-2043.56-jcef (11.0.15+10-b2043.56, mixed mode, tiered, compressed oops, g1 gc, windows-amd64)
Heap:
 garbage-first heap   total 65536K, used 45062K [0x00000000c1000000, 0x0000000100000000)
  region size 1024K, 29 young (29696K), 3 survivors (3072K)
 Metaspace       used 53199K, capacity 54644K, committed 54992K, reserved 1097728K
  class space    used 6328K, capacity 6931K, committed 7040K, reserved 1048576K
GC Heap History (20 events):
Event: 5.841 GC heap before
{Heap before GC invocations=3 (full 0):
 garbage-first heap   total 65536K, used 28046K [0x00000000c1000000, 0x0000000100000000)
  region size 1024K, 25 young (25600K), 2 survivors (2048K)
 Metaspace       used 20778K, capacity 21187K, committed 21296K, reserved 1069056K
  class space    used 2192K, capacity 2374K, committed 2432K, reserved 1048576K
}
Event: 5.849 GC heap after
{Heap after GC invocations=4 (full 0):
 garbage-first heap   total 65536K, used 7247K [0x00000000c1000000, 0x0000000100000000)
  region size 1024K, 3 young (3072K), 3 survivors (3072K)
 Metaspace       used 20778K, capacity 21187K, committed 21296K, reserved 1069056K
  class space    used 2192K, capacity 2374K, committed 2432K, reserved 1048576K
}
Event: 6.584 GC heap before
{Heap before GC invocations=5 (full 0):
 garbage-first heap   total 65536K, used 35919K [0x00000000c1000000, 0x0000000100000000)
  region size 1024K, 31 young (31744K), 3 survivors (3072K)
 Metaspace       used 25825K, capacity 26393K, committed 26544K, reserved 1073152K
  class space    used 2763K, capacity 2999K, committed 3072K, reserved 1048576K
}
Event: 6.597 GC heap after
{Heap after GC invocations=6 (full 0):
 garbage-first heap   total 65536K, used 8457K [0x00000000c1000000, 0x0000000100000000)
  region size 1024K, 4 young (4096K), 4 survivors (4096K)
 Metaspace       used 25825K, capacity 26393K, committed 26544K, reserved 1073152K
  class space    used 2763K, capacity 2999K, committed 3072K, reserved 1048576K
}
Event: 7.556 GC heap before
{Heap before GC invocations=6 (full 0):
 garbage-first heap   total 65536K, used 40201K [0x00000000c1000000, 0x0000000100000000)
  region size 1024K, 36 young (36864K), 4 survivors (4096K)
 Metaspace       used 29561K, capacity 30140K, committed 30256K, reserved 1077248K
  class space    used 3170K, capacity 3413K, committed 3456K, reserved 1048576K
}
Event: 7.565 GC heap after
{Heap after GC invocations=7 (full 0):
 garbage-first heap   total 65536K, used 9726K [0x00000000c1000000, 0x0000000100000000)
  region size 1024K, 4 young (4096K), 4 survivors (4096K)
 Metaspace       used 29561K, capacity 30140K, committed 30256K, reserved 1077248K
  class space    used 3170K, capacity 3413K, committed 3456K, reserved 1048576K
}
Event: 8.797 GC heap before
{Heap before GC invocations=7 (full 0):
 garbage-first heap   total 65536K, used 44542K [0x00000000c1000000, 0x0000000100000000)
  region size 1024K, 38 young (38912K), 4 survivors (4096K)
 Metaspace       used 33773K, capacity 34492K, committed 34736K, reserved 1079296K
  class space    used 3774K, capacity 4067K, committed 4096K, reserved 1048576K
}
Event: 8.806 GC heap after
{Heap after GC invocations=8 (full 0):
 garbage-first heap   total 65536K, used 10959K [0x00000000c1000000, 0x0000000100000000)
  region size 1024K, 4 young (4096K), 4 survivors (4096K)
 Metaspace       used 33773K, capacity 34492K, committed 34736K, reserved 1079296K
  class space    used 3774K, capacity 4067K, committed 4096K, reserved 1048576K
}
Event: 9.333 GC heap before
{Heap before GC invocations=8 (full 0):
 garbage-first heap   total 65536K, used 21199K [0x00000000c1000000, 0x0000000100000000)
  region size 1024K, 15 young (15360K), 4 survivors (4096K)
 Metaspace       used 35099K, capacity 35852K, committed 35920K, reserved 1081344K
  class space    used 3999K, capacity 4352K, committed 4352K, reserved 1048576K
}
Event: 9.341 GC heap after
{Heap after GC invocations=9 (full 0):
 garbage-first heap   total 65536K, used 11656K [0x00000000c1000000, 0x0000000100000000)
  region size 1024K, 3 young (3072K), 3 survivors (3072K)
 Metaspace       used 35099K, capacity 35852K, committed 35920K, reserved 1081344K
  class space    used 3999K, capacity 4352K, committed 4352K, reserved 1048576K
}
Event: 10.841 GC heap before
{Heap before GC invocations=10 (full 0):
 garbage-first heap   total 65536K, used 40328K [0x00000000c1000000, 0x0000000100000000)
  region size 1024K, 32 young (32768K), 3 survivors (3072K)
 Metaspace       used 39987K, capacity 40939K, committed 41040K, reserved 1085440K
  class space    used 4647K, capacity 5030K, committed 5120K, reserved 1048576K
}
Event: 10.851 GC heap after
{Heap after GC invocations=11 (full 0):
 garbage-first heap   total 65536K, used 13298K [0x00000000c1000000, 0x0000000100000000)
  region size 1024K, 3 young (3072K), 3 survivors (3072K)
 Metaspace       used 39987K, capacity 40939K, committed 41040K, reserved 1085440K
  class space    used 4647K, capacity 5030K, committed 5120K, reserved 1048576K
}
Event: 13.311 GC heap before
{Heap before GC invocations=11 (full 0):
 garbage-first heap   total 65536K, used 44018K [0x00000000c1000000, 0x0000000100000000)
  region size 1024K, 33 young (33792K), 3 survivors (3072K)
 Metaspace       used 45146K, capacity 46170K, committed 46416K, reserved 1089536K
  class space    used 5380K, capacity 5818K, committed 5888K, reserved 1048576K
}
Event: 13.319 GC heap after
{Heap after GC invocations=12 (full 0):
 garbage-first heap   total 65536K, used 14853K [0x00000000c1000000, 0x0000000100000000)
  region size 1024K, 4 young (4096K), 4 survivors (4096K)
 Metaspace       used 45146K, capacity 46170K, committed 46416K, reserved 1089536K
  class space    used 5380K, capacity 5818K, committed 5888K, reserved 1048576K
}
Event: 14.932 GC heap before
{Heap before GC invocations=12 (full 0):
 garbage-first heap   total 65536K, used 44549K [0x00000000c1000000, 0x0000000100000000)
  region size 1024K, 34 young (34816K), 4 survivors (4096K)
 Metaspace       used 48565K, capacity 49816K, committed 50000K, reserved 1093632K
  class space    used 5813K, capacity 6306K, committed 6400K, reserved 1048576K
}
Event: 14.943 GC heap after
{Heap after GC invocations=13 (full 0):
 garbage-first heap   total 65536K, used 16758K [0x00000000c1000000, 0x0000000100000000)
  region size 1024K, 4 young (4096K), 4 survivors (4096K)
 Metaspace       used 48565K, capacity 49816K, committed 50000K, reserved 1093632K
  class space    used 5813K, capacity 6306K, committed 6400K, reserved 1048576K
}
Event: 16.265 GC heap before
{Heap before GC invocations=13 (full 0):
 garbage-first heap   total 65536K, used 45430K [0x00000000c1000000, 0x0000000100000000)
  region size 1024K, 33 young (33792K), 4 survivors (4096K)
 Metaspace       used 52529K, capacity 54010K, committed 54096K, reserved 1097728K
  class space    used 6307K, capacity 6892K, committed 6912K, reserved 1048576K
}
Event: 16.275 GC heap after
{Heap after GC invocations=14 (full 0):
 garbage-first heap   total 65536K, used 19026K [0x00000000c1000000, 0x0000000100000000)
  region size 1024K, 5 young (5120K), 5 survivors (5120K)
 Metaspace       used 52529K, capacity 54010K, committed 54096K, reserved 1097728K
  class space    used 6307K, capacity 6892K, committed 6912K, reserved 1048576K
}
Event: 786.827 GC heap before
{Heap before GC invocations=14 (full 0):
 garbage-first heap   total 65536K, used 47698K [0x00000000c1000000, 0x0000000100000000)
  region size 1024K, 33 young (33792K), 5 survivors (5120K)
 Metaspace       used 52894K, capacity 54364K, committed 54480K, reserved 1097728K
  class space    used 6316K, capacity 6924K, committed 7040K, reserved 1048576K
}
Event: 786.982 GC heap after
{Heap after GC invocations=15 (full 0):
 garbage-first heap   total 65536K, used 19462K [0x00000000c1000000, 0x0000000100000000)
  region size 1024K, 3 young (3072K), 3 survivors (3072K)
 Metaspace       used 52894K, capacity 54364K, committed 54480K, reserved 1097728K
  class space    used 6316K, capacity 6924K, committed 7040K, reserved 1048576K
}

